  juce_audio_basics.cpp
  juce_audio_devices.cpp
  juce_audio_formats.cpp
  juce_audio_plugin_client_VST2.cpp
  juce_audio_plugin_client_VST3.cpp
  juce_audio_plugin_client_utils.cpp
  juce_audio_processors.cpp
  juce_core.cpp
  juce_cryptography.cpp
  juce_data_structures.cpp
  juce_events.cpp
  juce_graphics.cpp
  juce_gui_basics.cpp
  juce_gui_extra.cpp
  juce_opengl.cpp
  juce_video.cpp
  PluginEditor.cpp
  PluginProcessor.cpp
c:\users\mark rau\documents\stanford courses\fall 2016\music 256a\hw3\markrau_hw3_polyphonicsynth\source\smooth.h(34): warning C4244: 'initializing': conversion from 'double' to 'float', possible loss of data (compiling source file ..\..\Source\PluginProcessor.cpp)
c:\users\mark rau\documents\stanford courses\fall 2016\music 256a\hw3\markrau_hw3_polyphonicsynth\source\mydsp.h(13): warning C4100: 'x': unreferenced formal parameter (compiling source file ..\..\Source\PluginProcessor.cpp)
c:\users\mark rau\documents\stanford courses\fall 2016\music 256a\hw3\markrau_hw3_polyphonicsynth\source\mydsp.h(17): warning C4100: 'x': unreferenced formal parameter (compiling source file ..\..\Source\PluginProcessor.cpp)
c:\users\mark rau\documents\stanford courses\fall 2016\music 256a\hw3\markrau_hw3_polyphonicsynth\source\mydsp.h(402): warning C4100: 'step': unreferenced formal parameter (compiling source file ..\..\Source\PluginProcessor.cpp)
c:\users\mark rau\documents\stanford courses\fall 2016\music 256a\hw3\markrau_hw3_polyphonicsynth\source\mydsp.h(402): warning C4100: 'fmax': unreferenced formal parameter (compiling source file ..\..\Source\PluginProcessor.cpp)
c:\users\mark rau\documents\stanford courses\fall 2016\music 256a\hw3\markrau_hw3_polyphonicsynth\source\mydsp.h(402): warning C4100: 'fmin': unreferenced formal parameter (compiling source file ..\..\Source\PluginProcessor.cpp)
c:\users\mark rau\documents\stanford courses\fall 2016\music 256a\hw3\markrau_hw3_polyphonicsynth\source\mydsp.h(402): warning C4100: 'init': unreferenced formal parameter (compiling source file ..\..\Source\PluginProcessor.cpp)
c:\users\mark rau\documents\stanford courses\fall 2016\music 256a\hw3\markrau_hw3_polyphonicsynth\source\mydsp.h(407): warning C4100: 'step': unreferenced formal parameter (compiling source file ..\..\Source\PluginProcessor.cpp)
c:\users\mark rau\documents\stanford courses\fall 2016\music 256a\hw3\markrau_hw3_polyphonicsynth\source\mydsp.h(407): warning C4100: 'fmax': unreferenced formal parameter (compiling source file ..\..\Source\PluginProcessor.cpp)
c:\users\mark rau\documents\stanford courses\fall 2016\music 256a\hw3\markrau_hw3_polyphonicsynth\source\mydsp.h(407): warning C4100: 'fmin': unreferenced formal parameter (compiling source file ..\..\Source\PluginProcessor.cpp)
c:\users\mark rau\documents\stanford courses\fall 2016\music 256a\hw3\markrau_hw3_polyphonicsynth\source\mydsp.h(407): warning C4100: 'init': unreferenced formal parameter (compiling source file ..\..\Source\PluginProcessor.cpp)
c:\users\mark rau\documents\stanford courses\fall 2016\music 256a\hw3\markrau_hw3_polyphonicsynth\source\mydsp.h(412): warning C4100: 'step': unreferenced formal parameter (compiling source file ..\..\Source\PluginProcessor.cpp)
c:\users\mark rau\documents\stanford courses\fall 2016\music 256a\hw3\markrau_hw3_polyphonicsynth\source\mydsp.h(412): warning C4100: 'fmax': unreferenced formal parameter (compiling source file ..\..\Source\PluginProcessor.cpp)
c:\users\mark rau\documents\stanford courses\fall 2016\music 256a\hw3\markrau_hw3_polyphonicsynth\source\mydsp.h(412): warning C4100: 'fmin': unreferenced formal parameter (compiling source file ..\..\Source\PluginProcessor.cpp)
c:\users\mark rau\documents\stanford courses\fall 2016\music 256a\hw3\markrau_hw3_polyphonicsynth\source\mydsp.h(412): warning C4100: 'init': unreferenced formal parameter (compiling source file ..\..\Source\PluginProcessor.cpp)
c:\users\mark rau\documents\stanford courses\fall 2016\music 256a\hw3\markrau_hw3_polyphonicsynth\source\mydsp.h(419): warning C4100: 'fmax': unreferenced formal parameter (compiling source file ..\..\Source\PluginProcessor.cpp)
c:\users\mark rau\documents\stanford courses\fall 2016\music 256a\hw3\markrau_hw3_polyphonicsynth\source\mydsp.h(419): warning C4100: 'fmin': unreferenced formal parameter (compiling source file ..\..\Source\PluginProcessor.cpp)
c:\users\mark rau\documents\stanford courses\fall 2016\music 256a\hw3\markrau_hw3_polyphonicsynth\source\mydsp.h(424): warning C4100: 'fmax': unreferenced formal parameter (compiling source file ..\..\Source\PluginProcessor.cpp)
c:\users\mark rau\documents\stanford courses\fall 2016\music 256a\hw3\markrau_hw3_polyphonicsynth\source\mydsp.h(424): warning C4100: 'fmin': unreferenced formal parameter (compiling source file ..\..\Source\PluginProcessor.cpp)
c:\users\mark rau\documents\stanford courses\fall 2016\music 256a\hw3\markrau_hw3_polyphonicsynth\source\mydsp.h(431): warning C4100: 'val': unreferenced formal parameter (compiling source file ..\..\Source\PluginProcessor.cpp)
c:\users\mark rau\documents\stanford courses\fall 2016\music 256a\hw3\markrau_hw3_polyphonicsynth\source\mydsp.h(431): warning C4100: 'key': unreferenced formal parameter (compiling source file ..\..\Source\PluginProcessor.cpp)
c:\users\mark rau\documents\stanford courses\fall 2016\music 256a\hw3\markrau_hw3_polyphonicsynth\source\mydsp.h(431): warning C4100: 'zone': unreferenced formal parameter (compiling source file ..\..\Source\PluginProcessor.cpp)
c:\users\mark rau\documents\stanford courses\fall 2016\music 256a\hw3\markrau_hw3_polyphonicsynth\source\mydsp.h(610): warning C4100: 'date_usec': unreferenced formal parameter (compiling source file ..\..\Source\PluginProcessor.cpp)
c:\users\mark rau\documents\stanford courses\fall 2016\music 256a\hw3\markrau_hw3_polyphonicsynth\source\mydsp.h(774): warning C4065: switch statement contains 'default' but no 'case' labels (compiling source file ..\..\Source\PluginProcessor.cpp)
c:\users\mark rau\documents\stanford courses\fall 2016\music 256a\hw3\markrau_hw3_polyphonicsynth\source\mydsp.h(795): warning C4100: 'samplingFreq': unreferenced formal parameter (compiling source file ..\..\Source\PluginProcessor.cpp)
c:\users\mark rau\documents\stanford courses\fall 2016\music 256a\hw3\markrau_hw3_polyphonicsynth\source\mydsp.h(939): warning C4804: '>': unsafe use of type 'bool' in operation (compiling source file ..\..\Source\PluginProcessor.cpp)
c:\users\mark rau\documents\stanford courses\fall 2016\music 256a\hw3\markrau_hw3_polyphonicsynth\source\mydsp.h(931): warning C4100: 'inputs': unreferenced formal parameter (compiling source file ..\..\Source\PluginProcessor.cpp)
c:\users\mark rau\documents\stanford courses\fall 2016\music 256a\hw3\markrau_hw3_polyphonicsynth\source\synthvoice.h(42): warning C4244: 'argument': conversion from 'double' to 'int', possible loss of data (compiling source file ..\..\Source\PluginProcessor.cpp)
c:\users\mark rau\documents\stanford courses\fall 2016\music 256a\hw3\markrau_hw3_polyphonicsynth\source\synthvoice.h(66): warning C4244: '=': conversion from 'double' to 'float', possible loss of data (compiling source file ..\..\Source\PluginProcessor.cpp)
c:\users\mark rau\documents\stanford courses\fall 2016\music 256a\hw3\markrau_hw3_polyphonicsynth\source\synthvoice.h(76): warning C4305: 'argument': truncation from 'double' to 'float' (compiling source file ..\..\Source\PluginProcessor.cpp)
c:\users\mark rau\documents\stanford courses\fall 2016\music 256a\hw3\markrau_hw3_polyphonicsynth\source\synthvoice.h(122): warning C4244: 'argument': conversion from 'double' to 'float', possible loss of data (compiling source file ..\..\Source\PluginProcessor.cpp)
c:\users\mark rau\documents\stanford courses\fall 2016\music 256a\hw3\markrau_hw3_polyphonicsynth\source\pluginprocessor.cpp(75): warning C4100: 'index': unreferenced formal parameter
c:\users\mark rau\documents\stanford courses\fall 2016\music 256a\hw3\markrau_hw3_polyphonicsynth\source\pluginprocessor.cpp(79): warning C4100: 'index': unreferenced formal parameter
c:\users\mark rau\documents\stanford courses\fall 2016\music 256a\hw3\markrau_hw3_polyphonicsynth\source\pluginprocessor.cpp(84): warning C4100: 'newName': unreferenced formal parameter
c:\users\mark rau\documents\stanford courses\fall 2016\music 256a\hw3\markrau_hw3_polyphonicsynth\source\pluginprocessor.cpp(84): warning C4100: 'index': unreferenced formal parameter
c:\users\mark rau\documents\stanford courses\fall 2016\music 256a\hw3\markrau_hw3_polyphonicsynth\source\pluginprocessor.cpp(89): warning C4100: 'samplesPerBlock': unreferenced formal parameter
c:\users\mark rau\documents\stanford courses\fall 2016\music 256a\hw3\markrau_hw3_polyphonicsynth\source\pluginprocessor.cpp(147): warning C4100: 'destData': unreferenced formal parameter
c:\users\mark rau\documents\stanford courses\fall 2016\music 256a\hw3\markrau_hw3_polyphonicsynth\source\pluginprocessor.cpp(154): warning C4100: 'sizeInBytes': unreferenced formal parameter
c:\users\mark rau\documents\stanford courses\fall 2016\music 256a\hw3\markrau_hw3_polyphonicsynth\source\pluginprocessor.cpp(154): warning C4100: 'data': unreferenced formal parameter
  MarkRau_HW3_PolyphonicSynth.vcxproj -> C:\Users\Mark Rau\Documents\Stanford Courses\Fall 2016\Music 256a\HW3\MarkRau_HW3_PolyphonicSynth\Builds\VisualStudio2015\Debug\MarkRau_HW3_PolyphonicSynth.dll
  MarkRau_HW3_PolyphonicSynth.vcxproj -> Debug\\MarkRau_HW3_PolyphonicSynth.pdb (Full PDB)
          1 file(s) copied.
