c:\users\mark rau\documents\stanford courses\fall 2016\music 256a\hw3\markrau_hw3_polyphonicsynth\builds\visualstudio2015\debug\juce_audio_devices.obj
c:\users\mark rau\documents\stanford courses\fall 2016\music 256a\hw3\markrau_hw3_polyphonicsynth\builds\visualstudio2015\debug\juce_audio_processors.obj
c:\users\mark rau\documents\stanford courses\fall 2016\music 256a\hw3\markrau_hw3_polyphonicsynth\builds\visualstudio2015\debug\juce_audio_plugin_client_utils.obj
c:\users\mark rau\documents\stanford courses\fall 2016\music 256a\hw3\markrau_hw3_polyphonicsynth\builds\visualstudio2015\debug\juce_cryptography.obj
c:\users\mark rau\documents\stanford courses\fall 2016\music 256a\hw3\markrau_hw3_polyphonicsynth\builds\visualstudio2015\debug\juce_gui_extra.obj
c:\users\mark rau\documents\stanford courses\fall 2016\music 256a\hw3\markrau_hw3_polyphonicsynth\builds\visualstudio2015\debug\pluginprocessor.obj
c:\users\mark rau\documents\stanford courses\fall 2016\music 256a\hw3\markrau_hw3_polyphonicsynth\builds\visualstudio2015\debug\juce_gui_basics.obj
c:\users\mark rau\documents\stanford courses\fall 2016\music 256a\hw3\markrau_hw3_polyphonicsynth\builds\visualstudio2015\debug\synthvoice.obj
c:\users\mark rau\documents\stanford courses\fall 2016\music 256a\hw3\markrau_hw3_polyphonicsynth\builds\visualstudio2015\debug\juce_graphics.obj
c:\users\mark rau\documents\stanford courses\fall 2016\music 256a\hw3\markrau_hw3_polyphonicsynth\builds\visualstudio2015\debug\juce_audio_plugin_client_vst2.obj
c:\users\mark rau\documents\stanford courses\fall 2016\music 256a\hw3\markrau_hw3_polyphonicsynth\builds\visualstudio2015\debug\juce_events.obj
c:\users\mark rau\documents\stanford courses\fall 2016\music 256a\hw3\markrau_hw3_polyphonicsynth\builds\visualstudio2015\debug\juce_video.obj
c:\users\mark rau\documents\stanford courses\fall 2016\music 256a\hw3\markrau_hw3_polyphonicsynth\builds\visualstudio2015\debug\plugineditor.obj
c:\users\mark rau\documents\stanford courses\fall 2016\music 256a\hw3\markrau_hw3_polyphonicsynth\builds\visualstudio2015\debug\juce_core.obj
c:\users\mark rau\documents\stanford courses\fall 2016\music 256a\hw3\markrau_hw3_polyphonicsynth\builds\visualstudio2015\debug\juce_audio_basics.obj
c:\users\mark rau\documents\stanford courses\fall 2016\music 256a\hw3\markrau_hw3_polyphonicsynth\builds\visualstudio2015\debug\juce_audio_plugin_client_vst3.obj
c:\users\mark rau\documents\stanford courses\fall 2016\music 256a\hw3\markrau_hw3_polyphonicsynth\builds\visualstudio2015\debug\juce_audio_formats.obj
c:\users\mark rau\documents\stanford courses\fall 2016\music 256a\hw3\markrau_hw3_polyphonicsynth\builds\visualstudio2015\debug\juce_data_structures.obj
c:\users\mark rau\documents\stanford courses\fall 2016\music 256a\hw3\markrau_hw3_polyphonicsynth\builds\visualstudio2015\debug\juce_opengl.obj
c:\users\mark rau\documents\stanford courses\fall 2016\music 256a\hw3\markrau_hw3_polyphonicsynth\builds\visualstudio2015\debug\vc140.pdb
c:\users\mark rau\documents\stanford courses\fall 2016\music 256a\hw3\markrau_hw3_polyphonicsynth\builds\visualstudio2015\debug\resources.res
c:\users\mark rau\documents\stanford courses\fall 2016\music 256a\hw3\markrau_hw3_polyphonicsynth\builds\visualstudio2015\debug\markrau_hw3_polyphonicsynth.exp
c:\users\mark rau\documents\stanford courses\fall 2016\music 256a\hw3\markrau_hw3_polyphonicsynth\builds\visualstudio2015\debug\vc140.idb
c:\users\mark rau\documents\stanford courses\fall 2016\music 256a\hw3\markrau_hw3_polyphonicsynth\builds\visualstudio2015\debug\markrau_hw3_polyphonicsynth.pdb
c:\users\mark rau\documents\stanford courses\fall 2016\music 256a\hw3\markrau_hw3_polyphonicsynth\builds\visualstudio2015\debug\markrau_.249f8634.tlog\cl.command.1.tlog
c:\users\mark rau\documents\stanford courses\fall 2016\music 256a\hw3\markrau_hw3_polyphonicsynth\builds\visualstudio2015\debug\markrau_.249f8634.tlog\cl.read.1.tlog
c:\users\mark rau\documents\stanford courses\fall 2016\music 256a\hw3\markrau_hw3_polyphonicsynth\builds\visualstudio2015\debug\markrau_.249f8634.tlog\cl.write.1.tlog
c:\users\mark rau\documents\stanford courses\fall 2016\music 256a\hw3\markrau_hw3_polyphonicsynth\builds\visualstudio2015\debug\markrau_.249f8634.tlog\link-cvtres.read.1.tlog
c:\users\mark rau\documents\stanford courses\fall 2016\music 256a\hw3\markrau_hw3_polyphonicsynth\builds\visualstudio2015\debug\markrau_.249f8634.tlog\link-cvtres.write.1.tlog
c:\users\mark rau\documents\stanford courses\fall 2016\music 256a\hw3\markrau_hw3_polyphonicsynth\builds\visualstudio2015\debug\markrau_.249f8634.tlog\link-rc.read.1.tlog
c:\users\mark rau\documents\stanford courses\fall 2016\music 256a\hw3\markrau_hw3_polyphonicsynth\builds\visualstudio2015\debug\markrau_.249f8634.tlog\link-rc.write.1.tlog
c:\users\mark rau\documents\stanford courses\fall 2016\music 256a\hw3\markrau_hw3_polyphonicsynth\builds\visualstudio2015\debug\markrau_.249f8634.tlog\link.command.1.tlog
c:\users\mark rau\documents\stanford courses\fall 2016\music 256a\hw3\markrau_hw3_polyphonicsynth\builds\visualstudio2015\debug\markrau_.249f8634.tlog\link.read.1.tlog
c:\users\mark rau\documents\stanford courses\fall 2016\music 256a\hw3\markrau_hw3_polyphonicsynth\builds\visualstudio2015\debug\markrau_.249f8634.tlog\link.write.1.tlog
c:\users\mark rau\documents\stanford courses\fall 2016\music 256a\hw3\markrau_hw3_polyphonicsynth\builds\visualstudio2015\debug\markrau_.249f8634.tlog\rc.command.1.tlog
c:\users\mark rau\documents\stanford courses\fall 2016\music 256a\hw3\markrau_hw3_polyphonicsynth\builds\visualstudio2015\debug\markrau_.249f8634.tlog\rc.read.1.tlog
c:\users\mark rau\documents\stanford courses\fall 2016\music 256a\hw3\markrau_hw3_polyphonicsynth\builds\visualstudio2015\debug\markrau_.249f8634.tlog\rc.write.1.tlog
